2025-10-21 16:29:58,294 - ERROR - An unexpected error occurred: module 'tkinter' has no attribute 'simpledialog'
Traceback (most recent call last):
  File "/home/boss/HIVEMIND/HIVEMIND-Frameworks/use_case_2/agilecoder/gemma3_27b_it_fp16/main.py", line 45, in create_ticket
    description = tk.simpledialog.askstring("Create Ticket", "Enter description:")
                  ^^^^^^^^^^^^^^^
AttributeError: module 'tkinter' has no attribute 'simpledialog'
2025-10-21 16:30:00,223 - ERROR - An unexpected error occurred: module 'tkinter' has no attribute 'simpledialog'
Traceback (most recent call last):
  File "/home/boss/HIVEMIND/HIVEMIND-Frameworks/use_case_2/agilecoder/gemma3_27b_it_fp16/main.py", line 45, in create_ticket
    description = tk.simpledialog.askstring("Create Ticket", "Enter description:")
                  ^^^^^^^^^^^^^^^
AttributeError: module 'tkinter' has no attribute 'simpledialog'
2025-10-21 16:30:03,685 - ERROR - An unexpected error occurred: module 'tkinter' has no attribute 'simpledialog'
Traceback (most recent call last):
  File "/home/boss/HIVEMIND/HIVEMIND-Frameworks/use_case_2/agilecoder/gemma3_27b_it_fp16/main.py", line 45, in create_ticket
    description = tk.simpledialog.askstring("Create Ticket", "Enter description:")
                  ^^^^^^^^^^^^^^^
AttributeError: module 'tkinter' has no attribute 'simpledialog'
2025-10-22 09:29:49,086 - ERROR - An unexpected error occurred: module 'tkinter' has no attribute 'simpledialog'
Traceback (most recent call last):
  File "/home/boss/HIVEMIND/HIVEMIND-Frameworks/use_case_2/agilecoder/gemma3_27b_it_fp16/main.py", line 45, in create_ticket
    description = tk.simpledialog.askstring("Create Ticket", "Enter description:")
                  ^^^^^^^^^^^^^^^
AttributeError: module 'tkinter' has no attribute 'simpledialog'
2025-11-18 15:37:05,190 - ERROR - An unexpected error occurred: module 'tkinter' has no attribute 'simpledialog'
Traceback (most recent call last):
  File "C:\Users\vgiuffrida\Documents\Progetti\HiveMind\develop\HIVEMIND-Frameworks\use_case_2\agilecoder\gemma3_27b_it_fp16\main.py", line 45, in create_ticket
    description = tk.simpledialog.askstring("Create Ticket", "Enter description:")
                  ^^^^^^^^^^^^^^^
AttributeError: module 'tkinter' has no attribute 'simpledialog'
2025-11-18 15:37:10,377 - ERROR - An unexpected error occurred: module 'tkinter' has no attribute 'simpledialog'
Traceback (most recent call last):
  File "C:\Users\vgiuffrida\Documents\Progetti\HiveMind\develop\HIVEMIND-Frameworks\use_case_2\agilecoder\gemma3_27b_it_fp16\main.py", line 45, in create_ticket
    description = tk.simpledialog.askstring("Create Ticket", "Enter description:")
                  ^^^^^^^^^^^^^^^
AttributeError: module 'tkinter' has no attribute 'simpledialog'
2025-12-01 17:16:51,015 - ERROR - An unexpected error occurred: module 'tkinter' has no attribute 'simpledialog'
Traceback (most recent call last):
  File "C:\Users\vgiuffrida\Documents\Progetti\HiveMind\develop\HIVEMIND-Frameworks\use_case_2\agilecoder\gemma3_27b_it_fp16\main.py", line 45, in create_ticket
    description = tk.simpledialog.askstring("Create Ticket", "Enter description:")
                  ^^^^^^^^^^^^^^^
AttributeError: module 'tkinter' has no attribute 'simpledialog'
2025-12-01 17:16:59,015 - ERROR - An unexpected error occurred: module 'tkinter' has no attribute 'simpledialog'
Traceback (most recent call last):
  File "C:\Users\vgiuffrida\Documents\Progetti\HiveMind\develop\HIVEMIND-Frameworks\use_case_2\agilecoder\gemma3_27b_it_fp16\main.py", line 45, in create_ticket
    description = tk.simpledialog.askstring("Create Ticket", "Enter description:")
                  ^^^^^^^^^^^^^^^
AttributeError: module 'tkinter' has no attribute 'simpledialog'
2025-12-02 10:29:08,270 - ERROR - An unexpected error occurred: module 'tkinter' has no attribute 'simpledialog'
Traceback (most recent call last):
  File "C:\Users\vgiuffrida\Documents\Progetti\HiveMind\develop\HIVEMIND-Frameworks\use_case_2\agilecoder\gemma3_27b_it_fp16\main.py", line 45, in create_ticket
    description = tk.simpledialog.askstring("Create Ticket", "Enter description:")
                  ^^^^^^^^^^^^^^^
AttributeError: module 'tkinter' has no attribute 'simpledialog'
2025-12-02 16:15:42,896 - ERROR - An unexpected error occurred: module 'tkinter' has no attribute 'simpledialog'
Traceback (most recent call last):
  File "C:\Users\vgiuffrida\Documents\Progetti\HiveMind\develop\HIVEMIND-Frameworks\use_case_2\agilecoder\gemma3_27b_it_fp16\main.py", line 45, in create_ticket
    description = tk.simpledialog.askstring("Create Ticket", "Enter description:")
                  ^^^^^^^^^^^^^^^
AttributeError: module 'tkinter' has no attribute 'simpledialog'
2025-12-02 16:23:22,222 - ERROR - An unexpected error occurred: module 'tkinter' has no attribute 'simpledialog'
Traceback (most recent call last):
  File "C:\Users\vgiuffrida\Documents\Progetti\HiveMind\develop\HIVEMIND-Frameworks\use_case_2\agilecoder\gemma3_27b_it_fp16\main.py", line 45, in create_ticket
    description = tk.simpledialog.askstring("Create Ticket", "Enter description:")
                  ^^^^^^^^^^^^^^^
AttributeError: module 'tkinter' has no attribute 'simpledialog'
2025-12-02 16:25:04,719 - ERROR - An unexpected error occurred: module 'tkinter' has no attribute 'simpledialog'
Traceback (most recent call last):
  File "C:\Users\vgiuffrida\Documents\Progetti\HiveMind\develop\HIVEMIND-Frameworks\use_case_2\agilecoder\gemma3_27b_it_fp16\main.py", line 45, in create_ticket
    description = tk.simpledialog.askstring("Create Ticket", "Enter description:")
                  ^^^^^^^^^^^^^^^
AttributeError: module 'tkinter' has no attribute 'simpledialog'
2025-12-02 16:39:47,999 - ERROR - An unexpected error occurred: module 'tkinter' has no attribute 'simpledialog'
Traceback (most recent call last):
  File "C:\Users\vgiuffrida\Documents\Progetti\HiveMind\develop\HIVEMIND-Frameworks\use_case_2\agilecoder\gemma3_27b_it_fp16\main.py", line 45, in create_ticket
    description = tk.simpledialog.askstring("Create Ticket", "Enter description:")
                  ^^^^^^^^^^^^^^^
AttributeError: module 'tkinter' has no attribute 'simpledialog'
2025-12-11 09:44:06,125 - ERROR - An unexpected error occurred: module 'tkinter' has no attribute 'simpledialog'
Traceback (most recent call last):
  File "C:\Users\vgiuffrida\Documents\Progetti\HiveMind\develop\HIVEMIND-Frameworks\use_case_2\agilecoder\gemma3_27b_it_fp16\main.py", line 45, in create_ticket
    description = tk.simpledialog.askstring("Create Ticket", "Enter description:")
                  ^^^^^^^^^^^^^^^
AttributeError: module 'tkinter' has no attribute 'simpledialog'
2025-12-11 09:44:18,386 - ERROR - An unexpected error occurred: module 'tkinter' has no attribute 'simpledialog'
Traceback (most recent call last):
  File "C:\Users\vgiuffrida\Documents\Progetti\HiveMind\develop\HIVEMIND-Frameworks\use_case_2\agilecoder\gemma3_27b_it_fp16\main.py", line 45, in create_ticket
    description = tk.simpledialog.askstring("Create Ticket", "Enter description:")
                  ^^^^^^^^^^^^^^^
AttributeError: module 'tkinter' has no attribute 'simpledialog'
